<?xml version="1.0" encoding="UTF-8"?>
<!-- Generated by org.testng.reporters.JUnitReportReporter -->
<testsuite hostname="Smita-PC" name="com.ca.landlord.testscripts.TestLandLoard" tests="3" failures="0" timestamp="20 Dec 2017 05:52:22 GMT" time="3.964" errors="0">
  <testcase name="testGetLandLords" time="2.925" classname="com.ca.landlord.testscripts.TestLandLoard"/>
  <testcase name="testCreateLandLoard" time="0.988" classname="com.ca.landlord.testscripts.TestLandLoard"/>
  <testcase name="testUpdateLandLord" time="0.051" classname="com.ca.landlord.testscripts.TestLandLoard"/>
</testsuite> <!-- com.ca.landlord.testscripts.TestLandLoard -->
