<?xml version="1.0" encoding="UTF-8"?>
<!-- Generated by org.testng.reporters.JUnitReportReporter -->
<testsuite hostname="Smita-PC" name="com.ca.landlord.testscripts.LandlordsTest" tests="2" failures="0" timestamp="20 Jan 2018 18:10:35 GMT" time="5.501" errors="0">
  <testcase name="postLandlords01" time="0.177" classname="com.ca.landlord.testscripts.LandlordsTest"/>
  <testcase name="postLandlords01" time="5.324" classname="com.ca.landlord.testscripts.LandlordsTest"/>
</testsuite> <!-- com.ca.landlord.testscripts.LandlordsTest -->
