<?xml version="1.0" encoding="UTF-8"?>
<!-- Generated by org.testng.reporters.JUnitReportReporter -->
<testsuite hostname="Smita-PC" name="com.ca.landlord.testscripts.ApartmentTest" tests="2" failures="0" timestamp="20 Jan 2018 18:10:35 GMT" time="0.149" errors="0">
  <testcase name="postLandlord" time="0.038" classname="com.ca.landlord.testscripts.ApartmentTest"/>
  <testcase name="postApartments" time="0.111" classname="com.ca.landlord.testscripts.ApartmentTest"/>
</testsuite> <!-- com.ca.landlord.testscripts.ApartmentTest -->
