<?xml version="1.0" encoding="UTF-8"?>
<!-- Generated by org.testng.reporters.JUnitReportReporter -->
<testsuite hostname="Smita-PC" name="com.ca.landlord.failedtestscripts.Test1" tests="1" failures="0" timestamp="19 Dec 2017 06:08:55 GMT" time="0.027" errors="0">
  <testcase name="test1" time="0.027" classname="com.ca.landlord.failedtestscripts.Test1"/>
</testsuite> <!-- com.ca.landlord.failedtestscripts.Test1 -->
